<?xml version="1.0" encoding="UTF-8"?>
<!-- Generated by org.testng.reporters.JUnitReportReporter -->
<testsuite skipped="0" hostname="DESKTOP-U4TDB48" name="com.dataprovider.Test2" tests="3" failures="0" timestamp="2021-05-19T13:41:48 IST" time="0.009" errors="0">
  <testcase name="SampleDataTest" time="0.001" classname="com.dataprovider.Test2"/>
  <system-out/>
  <testcase name="SampleDataTest" time="0.001" classname="com.dataprovider.Test2"/>
  <system-out/>
  <testcase name="SampleDataTest" time="0.007" classname="com.dataprovider.Test2"/>
  <system-out/>
</testsuite> <!-- com.dataprovider.Test2 -->
