<?xml version="1.0" encoding="UTF-8"?>
<!-- Generated by org.testng.reporters.JUnitReportReporter -->
<testsuite skipped="0" hostname="DESKTOP-U4TDB48" name="com.seleniumpractice.Test1" tests="1" failures="0" timestamp="2021-05-08T20:45:34 IST" time="18.570" errors="0">
  <testcase name="sample1" time="18.570" classname="com.seleniumpractice.Test1"/>
  <system-out/>
</testsuite> <!-- com.seleniumpractice.Test1 -->
