<?xml version="1.0" encoding="UTF-8"?>
<!-- Generated by org.testng.reporters.JUnitReportReporter -->
<testsuite skipped="0" hostname="DESKTOP-U4TDB48" name="com.autoit.Test1" tests="1" failures="0" timestamp="2021-05-18T22:15:39 IST" time="10.357" errors="0">
  <testcase name="fileupload" time="10.357" classname="com.autoit.Test1"/>
  <system-out/>
</testsuite> <!-- com.autoit.Test1 -->
