<?xml version="1.0" encoding="UTF-8"?>
<!-- Generated by org.testng.reporters.JUnitReportReporter -->
<testsuite skipped="0" hostname="DESKTOP-U4TDB48" name="com.seleniumpractice.Test4" tests="1" failures="0" timestamp="2021-05-08T21:32:58 IST" time="14.171" errors="0">
  <testcase name="sample2" time="14.171" classname="com.seleniumpractice.Test4"/>
  <system-out/>
</testsuite> <!-- com.seleniumpractice.Test4 -->
