<?xml version="1.0" encoding="UTF-8"?>
<!-- Generated by org.testng.reporters.JUnitReportReporter -->
<testsuite skipped="0" hostname="DESKTOP-U4TDB48" name="com.dropdown.Test1" tests="1" failures="0" timestamp="2021-05-19T12:19:46 IST" time="11.056" errors="0">
  <testcase name="sortdropdownelement" time="11.056" classname="com.dropdown.Test1"/>
  <system-out/>
</testsuite> <!-- com.dropdown.Test1 -->
