<?xml version="1.0" encoding="UTF-8"?>
<!-- Generated by org.testng.reporters.JUnitReportReporter -->
<testsuite skipped="0" hostname="DESKTOP-U4TDB48" name="com.frame.Test1" tests="1" failures="0" timestamp="2021-05-19T11:52:55 IST" time="9.190" errors="0">
  <testcase name="youtubelaunch" time="9.190" classname="com.frame.Test1"/>
  <system-out/>
</testsuite> <!-- com.frame.Test1 -->
