<?xml version="1.0" encoding="UTF-8"?>
<!-- Generated by org.testng.reporters.JUnitReportReporter -->
<testsuite skipped="0" hostname="DESKTOP-U4TDB48" name="com.javascriptexecutor.Test1" tests="1" failures="0" timestamp="2021-05-18T17:50:00 IST" time="29.608" errors="0">
  <testcase name="clickandtype" time="29.608" classname="com.javascriptexecutor.Test1"/>
  <system-out/>
</testsuite> <!-- com.javascriptexecutor.Test1 -->
