<?xml version="1.0" encoding="UTF-8"?>
<!-- Generated by org.testng.reporters.JUnitReportReporter -->
<testsuite skipped="0" hostname="DESKTOP-U4TDB48" name="com.notification.Test2" tests="1" failures="0" timestamp="2021-05-19T11:58:14 IST" time="6.684" errors="0">
  <testcase name="disableenotification" time="6.684" classname="com.notification.Test2"/>
  <system-out/>
</testsuite> <!-- com.notification.Test2 -->
