<?xml version="1.0" encoding="UTF-8"?>
<!-- Generated by org.testng.reporters.JUnitReportReporter -->
<testsuite skipped="0" hostname="DESKTOP-U4TDB48" name="com.switchtowindowortaborbrowser.Test4" tests="1" failures="0" timestamp="2021-05-08T21:52:26 IST" time="13.578" errors="0">
  <testcase name="sample2" time="13.578" classname="com.switchtowindowortaborbrowser.Test4"/>
  <system-out/>
</testsuite> <!-- com.switchtowindowortaborbrowser.Test4 -->
