<?xml version="1.0" encoding="UTF-8"?>
<!-- Generated by org.testng.reporters.JUnitReportReporter -->
<testsuite skipped="0" hostname="DESKTOP-U4TDB48" name="com.seleniumpractice.Test3" tests="1" failures="0" timestamp="2021-05-08T20:51:00 IST" time="14.204" errors="0">
  <testcase name="sample3" time="14.204" classname="com.seleniumpractice.Test3"/>
  <system-out/>
</testsuite> <!-- com.seleniumpractice.Test3 -->
