<?xml version="1.0" encoding="UTF-8"?>
<!-- Generated by org.testng.reporters.JUnitReportReporter -->
<testsuite skipped="0" hostname="DESKTOP-U4TDB48" name="com.autoit.Test2" tests="1" failures="0" timestamp="2021-05-18T22:28:08 IST" time="10.406" errors="0">
  <testcase name="fileupload" time="10.406" classname="com.autoit.Test2"/>
  <system-out/>
</testsuite> <!-- com.autoit.Test2 -->
