<?xml version="1.0" encoding="UTF-8"?>
<!-- Generated by org.testng.reporters.JUnitReportReporter -->
<testsuite skipped="0" hostname="DESKTOP-U4TDB48" name="com.javascriptexecutor.Test3" tests="1" failures="0" timestamp="2021-05-18T13:23:17 IST" time="10.842" errors="0">
  <testcase name="typeandreturn" time="10.842" classname="com.javascriptexecutor.Test3"/>
  <system-out/>
</testsuite> <!-- com.javascriptexecutor.Test3 -->
