<?xml version="1.0" encoding="UTF-8"?>
<!-- Generated by org.testng.reporters.JUnitReportReporter -->
<testsuite skipped="0" hostname="DESKTOP-U4TDB48" name="com.hyperlink.Test1" tests="1" failures="0" timestamp="2021-05-20T12:50:44 IST" time="25.323" errors="0">
  <testcase name="hyperlink" time="25.323" classname="com.hyperlink.Test1"/>
  <system-out/>
</testsuite> <!-- com.hyperlink.Test1 -->
