<?xml version="1.0" encoding="UTF-8"?>
<!-- Generated by org.testng.reporters.JUnitReportReporter -->
<testsuite skipped="0" hostname="DESKTOP-U4TDB48" name="com.calenderwindow.Test1" tests="1" failures="0" timestamp="2021-05-19T20:09:15 IST" time="69.715" errors="0">
  <testcase name="calenderWindowTest" time="69.715" classname="com.calenderwindow.Test1"/>
  <system-out/>
</testsuite> <!-- com.calenderwindow.Test1 -->
