<?xml version="1.0" encoding="UTF-8"?>
<!-- Generated by org.testng.reporters.JUnitReportReporter -->
<testsuite skipped="0" hostname="DESKTOP-U4TDB48" name="com.log4j.Test1" tests="1" failures="0" timestamp="2021-05-20T13:25:05 IST" time="0.019" errors="0">
  <testcase name="log4jdemo" time="0.019" classname="com.log4j.Test1"/>
  <system-out/>
</testsuite> <!-- com.log4j.Test1 -->
