<?xml version="1.0" encoding="UTF-8"?>
<!-- Generated by org.testng.reporters.JUnitReportReporter -->
<testsuite skipped="0" hostname="DESKTOP-U4TDB48" name="com.dataprovider.Test1" tests="3" failures="0" timestamp="2021-05-19T20:33:40 IST" time="0.011" errors="0">
  <testcase name="SampleDataTest" time="0.001" classname="com.dataprovider.Test1"/>
  <system-out/>
  <testcase name="SampleDataTest" time="0.002" classname="com.dataprovider.Test1"/>
  <system-out/>
  <testcase name="SampleDataTest" time="0.008" classname="com.dataprovider.Test1"/>
  <system-out/>
</testsuite> <!-- com.dataprovider.Test1 -->
