<?xml version="1.0" encoding="UTF-8"?>
<!-- Generated by org.testng.reporters.JUnitReportReporter -->
<testsuite skipped="0" hostname="DESKTOP-U4TDB48" name="com.slider.Test1" tests="1" failures="0" timestamp="2021-05-18T21:05:31 IST" time="12.806" errors="0">
  <testcase name="slide" time="12.806" classname="com.slider.Test1"/>
  <system-out/>
</testsuite> <!-- com.slider.Test1 -->
