<?xml version="1.0" encoding="UTF-8"?>
<!-- Generated by org.testng.reporters.JUnitReportReporter -->
<testsuite skipped="0" hostname="DESKTOP-U4TDB48" name="com.calenderwindow.Test2" tests="1" failures="0" timestamp="2021-05-19T19:56:38 IST" time="18.543" errors="0">
  <testcase name="selectcurrentdate" time="18.543" classname="com.calenderwindow.Test2"/>
  <system-out/>
</testsuite> <!-- com.calenderwindow.Test2 -->
