<?xml version="1.0" encoding="UTF-8"?>
<!-- Generated by org.testng.reporters.JUnitReportReporter -->
<testsuite skipped="0" hostname="DESKTOP-U4TDB48" name="com.javascriptexecutor.Test4" tests="1" failures="0" timestamp="2021-05-18T21:10:07 IST" time="15.889" errors="0">
  <testcase name="clickandtype" time="15.889" classname="com.javascriptexecutor.Test4"/>
  <system-out/>
</testsuite> <!-- com.javascriptexecutor.Test4 -->
