<?xml version="1.0" encoding="UTF-8"?>
<!-- Generated by org.testng.reporters.JUnitReportReporter -->
<testsuite skipped="0" hostname="DESKTOP-U4TDB48" name="com.notification.Test1" tests="1" failures="0" timestamp="2021-05-19T11:57:49 IST" time="14.400" errors="0">
  <testcase name="handlenotification" time="14.400" classname="com.notification.Test1"/>
  <system-out/>
</testsuite> <!-- com.notification.Test1 -->
