<?xml version="1.0" encoding="UTF-8"?>
<!-- Generated by org.testng.reporters.JUnitReportReporter -->
<testsuite skipped="0" hostname="DESKTOP-U4TDB48" name="com.switchtowindowortaborbrowser.Test2" tests="1" failures="0" timestamp="2021-05-08T21:50:41 IST" time="16.227" errors="0">
  <testcase name="sample2" time="16.227" classname="com.switchtowindowortaborbrowser.Test2"/>
  <system-out/>
</testsuite> <!-- com.switchtowindowortaborbrowser.Test2 -->
